d:\유준환\129기\textrpg\textrpg\debug\textrpg.pch
d:\유준환\129기\textrpg\textrpg\debug\vc140.pdb
d:\유준환\129기\textrpg\textrpg\debug\vc140.idb
d:\유준환\129기\textrpg\textrpg\debug\stdafx.obj
d:\유준환\129기\textrpg\textrpg\debug\item.obj
d:\유준환\129기\textrpg\textrpg\debug\maingame.obj
d:\유준환\129기\textrpg\textrpg\debug\monster.obj
d:\유준환\129기\textrpg\textrpg\debug\obj.obj
d:\유준환\129기\textrpg\textrpg\debug\player.obj
d:\유준환\129기\textrpg\textrpg\debug\shop.obj
d:\유준환\129기\textrpg\textrpg\debug\textrpg.obj
d:\유준환\129기\textrpg\textrpg\debug\field.obj
d:\유준환\129기\textrpg\textrpg\debug\inven.obj
d:\유준환\129기\textrpg\debug\textrpg.ilk
d:\유준환\129기\textrpg\debug\textrpg.exe
d:\유준환\129기\textrpg\debug\textrpg.pdb
d:\유준환\129기\textrpg\textrpg\debug\textrpg.tlog\cl.command.1.tlog
d:\유준환\129기\textrpg\textrpg\debug\textrpg.tlog\cl.read.1.tlog
d:\유준환\129기\textrpg\textrpg\debug\textrpg.tlog\cl.write.1.tlog
d:\유준환\129기\textrpg\textrpg\debug\textrpg.tlog\link.command.1.tlog
d:\유준환\129기\textrpg\textrpg\debug\textrpg.tlog\link.read.1.tlog
d:\유준환\129기\textrpg\textrpg\debug\textrpg.tlog\link.write.1.tlog
